<?xml version="1.0" encoding="UTF-8"?>
<testng-results total="1" passed="1" failed="0" skipped="0">
  <reporter-output>
  </reporter-output>
  <suite started-at="2024-05-31T03:41:13Z" name="Default suite" finished-at="2024-05-31T03:42:25Z" duration-ms="72062">
    <groups>
    </groups>
    <test started-at="2024-05-31T03:41:13Z" name="Default test" finished-at="2024-05-31T03:42:25Z" duration-ms="72062">
      <class name="ikame.chatai.testsuite.TS_02_Logic_Chat_AI_Midj_Art">
        <test-method is-config="true" signature="init()[pri:0, instance:ikame.chatai.testsuite.TS_02_Logic_Chat_AI_Midj_Art@4b6e2263]" started-at="2024-05-31T10:41:13Z" name="init" finished-at="2024-05-31T10:41:22Z" duration-ms="8190" status="PASS">
          <reporter-output>
          </reporter-output>
        </test-method> <!-- init -->
        <test-method signature="TS_029_Logic_Midj_Art_Generate_Art_Primary_Free_Tries_Left()[pri:0, instance:ikame.chatai.testsuite.TS_02_Logic_Chat_AI_Midj_Art@4b6e2263]" started-at="2024-05-31T10:41:22Z" name="TS_029_Logic_Midj_Art_Generate_Art_Primary_Free_Tries_Left" finished-at="2024-05-31T10:42:25Z" duration-ms="63436" status="PASS">
          <reporter-output>
          </reporter-output>
        </test-method> <!-- TS_029_Logic_Midj_Art_Generate_Art_Primary_Free_Tries_Left -->
        <test-method is-config="true" signature="after()[pri:0, instance:ikame.chatai.testsuite.TS_02_Logic_Chat_AI_Midj_Art@4b6e2263]" started-at="2024-05-31T10:42:25Z" name="after" finished-at="2024-05-31T10:42:25Z" duration-ms="426" status="PASS">
          <reporter-output>
          </reporter-output>
        </test-method> <!-- after -->
      </class> <!-- ikame.chatai.testsuite.TS_02_Logic_Chat_AI_Midj_Art -->
    </test> <!-- Default test -->
  </suite> <!-- Default suite -->
</testng-results>
